2018/06/12 08:53:25.275|INFO|Default Quartz.NET properties loaded from embedded resource file 
2018/06/12 08:53:25.401|DEBUG|TaskSchedulingThreadPool configured with max concurrency of 10 and TaskScheduler ThreadPoolTaskScheduler. 
2018/06/12 08:53:25.401|INFO|Initialized Scheduler Signaller of type: Quartz.Core.SchedulerSignalerImpl 
2018/06/12 08:53:25.424|INFO|Quartz Scheduler v.3.0.5.0 created. 
2018/06/12 08:53:25.424|INFO|RAMJobStore initialized. 
2018/06/12 08:53:25.438|INFO|Scheduler meta-data: Quartz Scheduler (v3.0.5.0) 'DefaultQuartzScheduler' with instanceId 'NON_CLUSTERED'
  Scheduler class: 'Quartz.Core.QuartzScheduler' - running locally.
  NOT STARTED.
  Currently in standby mode.
  Number of jobs executed: 0
  Using thread pool 'Quartz.Simpl.DefaultThreadPool' - with 10 threads.
  Using job-store 'Quartz.Simpl.RAMJobStore' - which does not support persistence. and is not clustered.
 
2018/06/12 08:53:25.438|INFO|Quartz scheduler 'DefaultQuartzScheduler' initialized 
2018/06/12 08:53:25.452|INFO|Quartz scheduler version: 3.0.5.0 
2018/06/12 08:53:44.344|INFO|Scheduler DefaultQuartzScheduler_$_NON_CLUSTERED started. 
2018/06/12 08:53:44.412|DEBUG|Batch acquisition of 1 triggers 
2018/06/12 08:54:00.070|DEBUG|Producing instance of Job 'DEFAULT.edcfa82c-4eb7-4362-80bf-2660b896e0df', class=WebApplication2.App.Runners.ScriptJob 
2018/06/12 08:54:00.101|DEBUG|Batch acquisition of 1 triggers 
2018/06/12 08:54:00.133|DEBUG|Calling Execute on job DEFAULT.edcfa82c-4eb7-4362-80bf-2660b896e0df 
2018/06/12 08:57:17.178|INFO|Default Quartz.NET properties loaded from embedded resource file 
2018/06/12 08:57:17.262|DEBUG|TaskSchedulingThreadPool configured with max concurrency of 10 and TaskScheduler ThreadPoolTaskScheduler. 
2018/06/12 08:57:17.277|INFO|Initialized Scheduler Signaller of type: Quartz.Core.SchedulerSignalerImpl 
2018/06/12 08:57:17.277|INFO|Quartz Scheduler v.3.0.5.0 created. 
2018/06/12 08:57:17.294|INFO|RAMJobStore initialized. 
2018/06/12 08:57:17.304|INFO|Scheduler meta-data: Quartz Scheduler (v3.0.5.0) 'DefaultQuartzScheduler' with instanceId 'NON_CLUSTERED'
  Scheduler class: 'Quartz.Core.QuartzScheduler' - running locally.
  NOT STARTED.
  Currently in standby mode.
  Number of jobs executed: 0
  Using thread pool 'Quartz.Simpl.DefaultThreadPool' - with 10 threads.
  Using job-store 'Quartz.Simpl.RAMJobStore' - which does not support persistence. and is not clustered.
 
2018/06/12 08:57:17.304|INFO|Quartz scheduler 'DefaultQuartzScheduler' initialized 
2018/06/12 08:57:17.304|INFO|Quartz scheduler version: 3.0.5.0 
2018/06/12 08:57:18.972|INFO|Scheduler DefaultQuartzScheduler_$_NON_CLUSTERED started. 
2018/06/12 08:57:18.992|DEBUG|Batch acquisition of 1 triggers 
2018/06/12 08:57:19.006|DEBUG|Producing instance of Job 'DEFAULT.02d3e37a-cc21-468c-9fd6-82f202c92b47', class=WebApplication2.App.Runners.ScriptJob 
2018/06/12 08:57:19.020|DEBUG|Batch acquisition of 1 triggers 
2018/06/12 08:57:19.076|DEBUG|Producing instance of Job 'DEFAULT.02d3e37a-cc21-468c-9fd6-82f202c92b47', class=WebApplication2.App.Runners.ScriptJob 
2018/06/12 08:57:19.084|DEBUG|Batch acquisition of 1 triggers 
2018/06/12 08:57:19.084|DEBUG|Calling Execute on job DEFAULT.02d3e37a-cc21-468c-9fd6-82f202c92b47 
2018/06/12 08:57:19.084|DEBUG|Calling Execute on job DEFAULT.02d3e37a-cc21-468c-9fd6-82f202c92b47 
2018/06/12 08:57:54.715|INFO|Default Quartz.NET properties loaded from embedded resource file 
2018/06/12 08:57:54.799|DEBUG|TaskSchedulingThreadPool configured with max concurrency of 10 and TaskScheduler ThreadPoolTaskScheduler. 
2018/06/12 08:57:54.816|INFO|Initialized Scheduler Signaller of type: Quartz.Core.SchedulerSignalerImpl 
2018/06/12 08:57:54.835|INFO|Quartz Scheduler v.3.0.5.0 created. 
2018/06/12 08:57:54.859|INFO|RAMJobStore initialized. 
2018/06/12 08:57:54.870|INFO|Scheduler meta-data: Quartz Scheduler (v3.0.5.0) 'DefaultQuartzScheduler' with instanceId 'NON_CLUSTERED'
  Scheduler class: 'Quartz.Core.QuartzScheduler' - running locally.
  NOT STARTED.
  Currently in standby mode.
  Number of jobs executed: 0
  Using thread pool 'Quartz.Simpl.DefaultThreadPool' - with 10 threads.
  Using job-store 'Quartz.Simpl.RAMJobStore' - which does not support persistence. and is not clustered.
 
2018/06/12 08:57:54.870|INFO|Quartz scheduler 'DefaultQuartzScheduler' initialized 
2018/06/12 08:57:54.885|INFO|Quartz scheduler version: 3.0.5.0 
2018/06/12 08:57:55.765|INFO|Scheduler DefaultQuartzScheduler_$_NON_CLUSTERED started. 
2018/06/12 08:57:55.775|DEBUG|Batch acquisition of 1 triggers 
2018/06/12 08:57:55.802|DEBUG|Producing instance of Job 'DEFAULT.e71ec4ad-44e8-4fdf-b16c-8d73c423af89', class=WebApplication2.App.Runners.ScriptJob 
2018/06/12 08:57:55.826|DEBUG|Batch acquisition of 1 triggers 
2018/06/12 08:57:55.854|DEBUG|Calling Execute on job DEFAULT.e71ec4ad-44e8-4fdf-b16c-8d73c423af89 
2018/06/12 08:57:55.870|DEBUG|Producing instance of Job 'DEFAULT.e71ec4ad-44e8-4fdf-b16c-8d73c423af89', class=WebApplication2.App.Runners.ScriptJob 
2018/06/12 09:00:21.195|INFO|Default Quartz.NET properties loaded from embedded resource file 
2018/06/12 09:00:21.276|DEBUG|TaskSchedulingThreadPool configured with max concurrency of 10 and TaskScheduler ThreadPoolTaskScheduler. 
2018/06/12 09:00:21.292|INFO|Initialized Scheduler Signaller of type: Quartz.Core.SchedulerSignalerImpl 
2018/06/12 09:00:21.304|INFO|Quartz Scheduler v.3.0.5.0 created. 
2018/06/12 09:00:21.304|INFO|RAMJobStore initialized. 
2018/06/12 09:00:21.322|INFO|Scheduler meta-data: Quartz Scheduler (v3.0.5.0) 'DefaultQuartzScheduler' with instanceId 'NON_CLUSTERED'
  Scheduler class: 'Quartz.Core.QuartzScheduler' - running locally.
  NOT STARTED.
  Currently in standby mode.
  Number of jobs executed: 0
  Using thread pool 'Quartz.Simpl.DefaultThreadPool' - with 10 threads.
  Using job-store 'Quartz.Simpl.RAMJobStore' - which does not support persistence. and is not clustered.
 
2018/06/12 09:00:21.322|INFO|Quartz scheduler 'DefaultQuartzScheduler' initialized 
2018/06/12 09:00:21.335|INFO|Quartz scheduler version: 3.0.5.0 
2018/06/12 09:00:22.265|INFO|Scheduler DefaultQuartzScheduler_$_NON_CLUSTERED started. 
2018/06/12 09:00:22.281|DEBUG|Batch acquisition of 1 triggers 
2018/06/12 09:00:22.301|DEBUG|Producing instance of Job 'DEFAULT.f0bbf28c-3125-4325-b3b8-3be5e0e2a20e', class=WebApplication2.App.Runners.ScriptJob 
2018/06/12 09:00:22.301|DEBUG|Batch acquisition of 1 triggers 
2018/06/12 09:00:22.342|DEBUG|Calling Execute on job DEFAULT.f0bbf28c-3125-4325-b3b8-3be5e0e2a20e 
2018/06/12 09:00:22.350|DEBUG|Producing instance of Job 'DEFAULT.f0bbf28c-3125-4325-b3b8-3be5e0e2a20e', class=WebApplication2.App.Runners.ScriptJob 
2018/06/12 09:00:27.144|DEBUG|Batch acquisition of 1 triggers 
2018/06/12 09:00:27.144|DEBUG|Producing instance of Job 'DEFAULT.f0bbf28c-3125-4325-b3b8-3be5e0e2a20e', class=WebApplication2.App.Runners.ScriptJob 
2018/06/12 09:00:27.160|DEBUG|Batch acquisition of 1 triggers 
2018/06/12 09:00:27.160|DEBUG|Producing instance of Job 'DEFAULT.f0bbf28c-3125-4325-b3b8-3be5e0e2a20e', class=WebApplication2.App.Runners.ScriptJob 
2018/06/12 09:00:27.144|DEBUG|Calling Execute on job DEFAULT.f0bbf28c-3125-4325-b3b8-3be5e0e2a20e 
2018/06/12 09:00:27.175|DEBUG|Batch acquisition of 1 triggers 
2018/06/12 09:00:27.160|DEBUG|Calling Execute on job DEFAULT.f0bbf28c-3125-4325-b3b8-3be5e0e2a20e 
2018/06/12 09:00:27.191|DEBUG|Producing instance of Job 'DEFAULT.f0bbf28c-3125-4325-b3b8-3be5e0e2a20e', class=WebApplication2.App.Runners.ScriptJob 
2018/06/12 09:00:27.206|DEBUG|Batch acquisition of 1 triggers 
2018/06/12 09:00:27.206|DEBUG|Producing instance of Job 'DEFAULT.f0bbf28c-3125-4325-b3b8-3be5e0e2a20e', class=WebApplication2.App.Runners.ScriptJob 
2018/06/12 09:00:27.222|DEBUG|Batch acquisition of 1 triggers 
2018/06/12 09:00:29.637|DEBUG|Producing instance of Job 'DEFAULT.f0bbf28c-3125-4325-b3b8-3be5e0e2a20e', class=WebApplication2.App.Runners.ScriptJob 
2018/06/12 09:00:29.652|DEBUG|Batch acquisition of 1 triggers 
2018/06/12 09:00:29.668|DEBUG|Producing instance of Job 'DEFAULT.f0bbf28c-3125-4325-b3b8-3be5e0e2a20e', class=WebApplication2.App.Runners.ScriptJob 
2018/06/12 09:00:30.954|DEBUG|Batch acquisition of 1 triggers 
2018/06/12 09:00:30.986|DEBUG|Producing instance of Job 'DEFAULT.f0bbf28c-3125-4325-b3b8-3be5e0e2a20e', class=WebApplication2.App.Runners.ScriptJob 
2018/06/12 09:00:30.986|DEBUG|Batch acquisition of 1 triggers 
2018/06/12 09:00:31.001|DEBUG|Producing instance of Job 'DEFAULT.f0bbf28c-3125-4325-b3b8-3be5e0e2a20e', class=WebApplication2.App.Runners.ScriptJob 
2018/06/12 09:00:29.652|DEBUG|Trigger instruction : NoInstruction 
2018/06/12 09:00:32.066|DEBUG|Trigger instruction : NoInstruction 
2018/06/12 09:00:32.097|DEBUG|Calling Execute on job DEFAULT.f0bbf28c-3125-4325-b3b8-3be5e0e2a20e 
2018/06/12 09:00:32.097|DEBUG|Batch acquisition of 1 triggers 
2018/06/12 09:00:32.128|DEBUG|Producing instance of Job 'DEFAULT.f0bbf28c-3125-4325-b3b8-3be5e0e2a20e', class=WebApplication2.App.Runners.ScriptJob 
2018/06/12 09:00:32.128|DEBUG|Trigger instruction : NoInstruction 
2018/06/12 09:00:32.635|DEBUG|Calling Execute on job DEFAULT.f0bbf28c-3125-4325-b3b8-3be5e0e2a20e 
2018/06/12 09:00:32.635|DEBUG|Batch acquisition of 1 triggers 
2018/06/12 09:00:32.635|DEBUG|Calling Execute on job DEFAULT.f0bbf28c-3125-4325-b3b8-3be5e0e2a20e 
2018/06/12 09:00:34.225|DEBUG|Trigger instruction : NoInstruction 
2018/06/12 09:00:34.245|DEBUG|Trigger instruction : NoInstruction 
2018/06/12 09:00:34.225|DEBUG|Calling Execute on job DEFAULT.f0bbf28c-3125-4325-b3b8-3be5e0e2a20e 
2018/06/12 09:00:34.245|DEBUG|Calling Execute on job DEFAULT.f0bbf28c-3125-4325-b3b8-3be5e0e2a20e 
2018/06/12 09:00:32.673|DEBUG|Producing instance of Job 'DEFAULT.f0bbf28c-3125-4325-b3b8-3be5e0e2a20e', class=WebApplication2.App.Runners.ScriptJob 
2018/06/12 09:00:35.911|DEBUG|Batch acquisition of 1 triggers 
2018/06/12 09:00:35.067|DEBUG|Calling Execute on job DEFAULT.f0bbf28c-3125-4325-b3b8-3be5e0e2a20e 
2018/06/12 09:00:35.879|DEBUG|Trigger instruction : NoInstruction 
2018/06/12 09:00:35.957|DEBUG|Calling Execute on job DEFAULT.f0bbf28c-3125-4325-b3b8-3be5e0e2a20e 
2018/06/12 09:00:35.942|DEBUG|Trigger instruction : NoInstruction 
2018/06/12 09:00:35.895|DEBUG|Trigger instruction : NoInstruction 
2018/06/12 09:00:35.989|DEBUG|Calling Execute on job DEFAULT.f0bbf28c-3125-4325-b3b8-3be5e0e2a20e 
2018/06/12 09:00:36.004|DEBUG|Trigger instruction : NoInstruction 
2018/06/12 09:00:35.926|DEBUG|Producing instance of Job 'DEFAULT.f0bbf28c-3125-4325-b3b8-3be5e0e2a20e', class=WebApplication2.App.Runners.ScriptJob 
2018/06/12 09:00:35.989|DEBUG|Calling Execute on job DEFAULT.f0bbf28c-3125-4325-b3b8-3be5e0e2a20e 
2018/06/12 09:00:35.989|DEBUG|Trigger instruction : NoInstruction 
2018/06/12 09:00:36.035|DEBUG|Trigger instruction : NoInstruction 
2018/06/12 09:00:36.051|DEBUG|Trigger instruction : NoInstruction 
2018/06/12 09:00:36.020|DEBUG|Batch acquisition of 1 triggers 
2018/06/12 09:00:36.020|DEBUG|Calling Execute on job DEFAULT.f0bbf28c-3125-4325-b3b8-3be5e0e2a20e 
2018/06/12 09:00:36.082|DEBUG|Producing instance of Job 'DEFAULT.f0bbf28c-3125-4325-b3b8-3be5e0e2a20e', class=WebApplication2.App.Runners.ScriptJob 
2018/06/12 09:00:36.797|DEBUG|Batch acquisition of 1 triggers 
2018/06/12 09:00:37.405|DEBUG|Producing instance of Job 'DEFAULT.f0bbf28c-3125-4325-b3b8-3be5e0e2a20e', class=WebApplication2.App.Runners.ScriptJob 
2018/06/12 09:00:37.419|DEBUG|Calling Execute on job DEFAULT.f0bbf28c-3125-4325-b3b8-3be5e0e2a20e 
2018/06/12 09:00:37.419|DEBUG|Batch acquisition of 1 triggers 
2018/06/12 09:00:37.485|DEBUG|Producing instance of Job 'DEFAULT.f0bbf28c-3125-4325-b3b8-3be5e0e2a20e', class=WebApplication2.App.Runners.ScriptJob 
2018/06/12 09:00:36.812|DEBUG|Calling Execute on job DEFAULT.f0bbf28c-3125-4325-b3b8-3be5e0e2a20e 
2018/06/12 09:00:37.485|DEBUG|Trigger instruction : NoInstruction 
2018/06/12 09:00:37.517|DEBUG|Calling Execute on job DEFAULT.f0bbf28c-3125-4325-b3b8-3be5e0e2a20e 
2018/06/12 09:00:37.517|DEBUG|Batch acquisition of 1 triggers 
2018/06/12 09:00:37.579|DEBUG|Producing instance of Job 'DEFAULT.f0bbf28c-3125-4325-b3b8-3be5e0e2a20e', class=WebApplication2.App.Runners.ScriptJob 
2018/06/12 09:00:37.532|DEBUG|Trigger instruction : NoInstruction 
2018/06/12 09:00:37.579|DEBUG|Trigger instruction : NoInstruction 
2018/06/12 09:00:37.595|DEBUG|Batch acquisition of 1 triggers 
2018/06/12 09:00:37.595|DEBUG|Calling Execute on job DEFAULT.f0bbf28c-3125-4325-b3b8-3be5e0e2a20e 
2018/06/12 09:00:37.595|DEBUG|Trigger instruction : NoInstruction 
2018/06/12 09:00:38.617|DEBUG|Producing instance of Job 'DEFAULT.f0bbf28c-3125-4325-b3b8-3be5e0e2a20e', class=WebApplication2.App.Runners.ScriptJob 
2018/06/12 09:00:39.675|DEBUG|Batch acquisition of 1 triggers 
2018/06/12 09:00:39.675|DEBUG|Calling Execute on job DEFAULT.f0bbf28c-3125-4325-b3b8-3be5e0e2a20e 
2018/06/12 09:00:39.706|DEBUG|Trigger instruction : NoInstruction 
2018/06/12 09:00:39.691|DEBUG|Producing instance of Job 'DEFAULT.f0bbf28c-3125-4325-b3b8-3be5e0e2a20e', class=WebApplication2.App.Runners.ScriptJob 
2018/06/12 09:00:39.722|DEBUG|Batch acquisition of 1 triggers 
2018/06/12 09:00:39.722|DEBUG|Calling Execute on job DEFAULT.f0bbf28c-3125-4325-b3b8-3be5e0e2a20e 
2018/06/12 09:00:39.753|DEBUG|Trigger instruction : NoInstruction 
2018/06/12 09:00:39.769|DEBUG|Trigger instruction : NoInstruction 
2018/06/12 09:00:40.003|DEBUG|Producing instance of Job 'DEFAULT.f0bbf28c-3125-4325-b3b8-3be5e0e2a20e', class=WebApplication2.App.Runners.ScriptJob 
2018/06/12 09:00:40.034|DEBUG|Calling Execute on job DEFAULT.f0bbf28c-3125-4325-b3b8-3be5e0e2a20e 
2018/06/12 09:00:40.034|DEBUG|Batch acquisition of 1 triggers 
2018/06/12 09:00:41.123|DEBUG|Producing instance of Job 'DEFAULT.f0bbf28c-3125-4325-b3b8-3be5e0e2a20e', class=WebApplication2.App.Runners.ScriptJob 
2018/06/12 09:00:41.139|DEBUG|Batch acquisition of 1 triggers 
2018/06/12 09:00:43.171|DEBUG|Calling Execute on job DEFAULT.f0bbf28c-3125-4325-b3b8-3be5e0e2a20e 
2018/06/12 09:00:43.171|DEBUG|Producing instance of Job 'DEFAULT.f0bbf28c-3125-4325-b3b8-3be5e0e2a20e', class=WebApplication2.App.Runners.ScriptJob 
2018/06/12 09:00:43.218|DEBUG|Batch acquisition of 1 triggers 
2018/06/12 09:00:43.234|DEBUG|Producing instance of Job 'DEFAULT.f0bbf28c-3125-4325-b3b8-3be5e0e2a20e', class=WebApplication2.App.Runners.ScriptJob 
2018/06/12 09:00:43.249|DEBUG|Batch acquisition of 1 triggers 
2018/06/12 09:00:43.249|DEBUG|Calling Execute on job DEFAULT.f0bbf28c-3125-4325-b3b8-3be5e0e2a20e 
2018/06/12 09:00:43.234|DEBUG|Trigger instruction : NoInstruction 
2018/06/12 09:00:43.312|DEBUG|Calling Execute on job DEFAULT.f0bbf28c-3125-4325-b3b8-3be5e0e2a20e 
2018/06/12 09:00:43.327|DEBUG|Trigger instruction : NoInstruction 
2018/06/12 09:00:43.296|DEBUG|Trigger instruction : NoInstruction 
2018/06/12 09:00:43.343|DEBUG|Trigger instruction : NoInstruction 
2018/06/12 09:00:44.001|DEBUG|Producing instance of Job 'DEFAULT.f0bbf28c-3125-4325-b3b8-3be5e0e2a20e', class=WebApplication2.App.Runners.ScriptJob 
2018/06/12 09:00:44.001|DEBUG|Calling Execute on job DEFAULT.f0bbf28c-3125-4325-b3b8-3be5e0e2a20e 
2018/06/12 09:02:35.199|INFO|Default Quartz.NET properties loaded from embedded resource file 
2018/06/12 09:02:35.283|DEBUG|TaskSchedulingThreadPool configured with max concurrency of 10 and TaskScheduler ThreadPoolTaskScheduler. 
2018/06/12 09:02:35.301|INFO|Initialized Scheduler Signaller of type: Quartz.Core.SchedulerSignalerImpl 
2018/06/12 09:02:35.314|INFO|Quartz Scheduler v.3.0.5.0 created. 
2018/06/12 09:02:35.323|INFO|RAMJobStore initialized. 
2018/06/12 09:02:35.335|INFO|Scheduler meta-data: Quartz Scheduler (v3.0.5.0) 'DefaultQuartzScheduler' with instanceId 'NON_CLUSTERED'
  Scheduler class: 'Quartz.Core.QuartzScheduler' - running locally.
  NOT STARTED.
  Currently in standby mode.
  Number of jobs executed: 0
  Using thread pool 'Quartz.Simpl.DefaultThreadPool' - with 10 threads.
  Using job-store 'Quartz.Simpl.RAMJobStore' - which does not support persistence. and is not clustered.
 
2018/06/12 09:02:35.335|INFO|Quartz scheduler 'DefaultQuartzScheduler' initialized 
2018/06/12 09:02:35.335|INFO|Quartz scheduler version: 3.0.5.0 
2018/06/12 09:02:36.170|INFO|Scheduler DefaultQuartzScheduler_$_NON_CLUSTERED started. 
2018/06/12 09:02:36.183|DEBUG|Batch acquisition of 1 triggers 
2018/06/12 09:03:00.077|DEBUG|Producing instance of Job 'DEFAULT.0caa3a35-5afc-4990-83fc-0daf4a70c5a1', class=WebApplication2.App.Runners.ScriptJob 
2018/06/12 09:03:00.093|DEBUG|Batch acquisition of 0 triggers 
2018/06/12 09:03:00.124|DEBUG|Calling Execute on job DEFAULT.0caa3a35-5afc-4990-83fc-0daf4a70c5a1 
2018/06/12 09:03:03.279|DEBUG|Trigger instruction : NoInstruction 
